<?xml version="1.0" encoding="UTF-8" ?>
<testsuites>
  <testsuite errors="0" failures="0" hostname="Steve" id="0" name="FailTest" package="" skipped="0" tests="2" time="0.14" timestamp="2017-09-17T03:18:47">
      <properties>
[...]
</properties>

      <testcase classname="FailTest" name="testFailure" time="0.0" />

      <testcase classname="FailTest" name="testClassAreAvailable" time="0.078" />

      <system-out><![CDATA[]]></system-out>

      <system-err><![CDATA[]]></system-err>

  </testsuite>
</testsuites>
